<?xml version="1.0" encoding="UTF-8"?>
<testsuite xmlns:xsi="http://www.w3.org/2001/XMLSchema-instance" xsi:noNamespaceSchemaLocation="https://maven.apache.org/surefire/maven-surefire-plugin/xsd/surefire-test-report.xsd" name="LocationTest" time="10.729" tests="3" errors="0" skipped="0" failures="0">
  <properties>
[...]
</properties>
  <testcase name="testSaveProvinceLocation" classname="LocationTest" time="10.216"/>
  <testcase name="testSaveDistrict" classname="LocationTest" time="0.329"/>
  <testcase name="testGetLocationById" classname="LocationTest" time="0.04"/>
</testsuite>